<?xml version="1.0" encoding="UTF-8" ?>
<testsuite failures="0" time="2.927" errors="0" skipped="0" tests="1" name="org.luojj.test.TestMybatis">
  <properties>
    <property name="java.runtime.name" value="Java(TM) SE Runtime Environment"/>
    <property name="sun.boot.library.path" value="C:\Program Files\Java\jdk1.7.0_67\jre\bin"/>
    <property name="java.vm.version" value="24.65-b04"/>
    <property name="java.vm.vendor" value="Oracle Corporation"/>
    <property name="java.vendor.url" value="http://java.oracle.com/"/>
    <property name="path.separator" value=";"/>
    <property name="java.vm.name" value="Java HotSpot(TM) 64-Bit Server VM"/>
    <property name="file.encoding.pkg" value="sun.io"/>
    <property name="user.script" value=""/>
    <property name="user.country" value="CN"/>
    <property name="sun.java.launcher" value="SUN_STANDARD"/>
    <property name="sun.os.patch.level" value="Service Pack 1"/>
    <property name="java.vm.specification.name" value="Java Virtual Machine Specification"/>
    <property name="user.dir" value="C:\Users\lenovo\git\test333\test333"/>
    <property name="java.runtime.version" value="1.7.0_67-b01"/>
    <property name="java.awt.graphicsenv" value="sun.awt.Win32GraphicsEnvironment"/>
    <property name="basedir" value="C:\Users\lenovo\git\test333\test333"/>
    <property name="java.endorsed.dirs" value="C:\Program Files\Java\jdk1.7.0_67\jre\lib\endorsed"/>
    <property name="os.arch" value="amd64"/>
    <property name="surefire.real.class.path" value="C:\Users\lenovo\git\test333\test333\target\surefire\surefirebooter4487505539536003007.jar"/>
    <property name="java.io.tmpdir" value="C:\Users\lenovo\AppData\Local\Temp\"/>
    <property name="line.separator" value="
"/>
    <property name="java.vm.specification.vendor" value="Oracle Corporation"/>
    <property name="user.variant" value=""/>
    <property name="os.name" value="Windows 7"/>
    <property name="net.sourceforge.cobertura.datafile" value=""/>
    <property name="sun.jnu.encoding" value="GBK"/>
    <property name="java.library.path" value="C:\Program Files\Java\jdk1.7.0_67\jre\bin;C:\Windows\Sun\Java\bin;C:\Windows\system32;C:\Windows;D:/Genuitec/Common/binary/com.sun.java.jdk.win32.x86_1.6.0.013/jre/bin/client;D:/Genuitec/Common/binary/com.sun.java.jdk.win32.x86_1.6.0.013/jre/bin;C:\Program Files\Java\jdk1.7.0_67\bin;F:\app\lenovo\product\11.2.0\dbhome_1\bin;D:\java\android-sdk-windows\tools;C:\ProgramData\Oracle\Java\javapath;C:\Program Files (x86)\NVIDIA Corporation\PhysX\Common;C:\Windows\system32;C:\Windows;C:\Windows\System32\Wbem;C:\Windows\System32\WindowsPowerShell\v1.0\;D:\Program Files (x86)\Rational\common;C:\Program Files (x86)\Microsoft SQL Server\100\Tools\Binn\;C:\Program Files\Microsoft SQL Server\100\Tools\Binn\;C:\Program Files\Microsoft SQL Server\100\DTS\Binn\;D:\Python27;d:\MATLAB7\bin\win32;C:\Program Files (x86)\MySQL\MySQL Server 5.1\bin;d:\Program Files (x86)\AOMEI Backupper 2.1;D:\java\apache-maven-3.3.9-bin\apache-maven-3.3.9\bin;D:\java\android-sdk-windows\build-tools\22.0.1;."/>
    <property name="surefire.test.class.path" value="C:\Users\lenovo\git\test333\test333\target\test-classes;C:\Users\lenovo\git\test333\test333\target\classes;D:\java\apache-maven-3.3.9-bin\repository\junit\junit\4.11\junit-4.11.jar;D:\java\apache-maven-3.3.9-bin\repository\org\hamcrest\hamcrest-core\1.3\hamcrest-core-1.3.jar;D:\java\apache-maven-3.3.9-bin\repository\javax\javaee-api\7.0\javaee-api-7.0.jar;D:\java\apache-maven-3.3.9-bin\repository\com\sun\mail\javax.mail\1.5.0\javax.mail-1.5.0.jar;D:\java\apache-maven-3.3.9-bin\repository\javax\activation\activation\1.1\activation-1.1.jar;D:\java\apache-maven-3.3.9-bin\repository\org\springframework\spring-test\4.0.2.RELEASE\spring-test-4.0.2.RELEASE.jar;D:\java\apache-maven-3.3.9-bin\repository\org\springframework\spring-core\4.0.2.RELEASE\spring-core-4.0.2.RELEASE.jar;D:\java\apache-maven-3.3.9-bin\repository\commons-logging\commons-logging\1.1.3\commons-logging-1.1.3.jar;D:\java\apache-maven-3.3.9-bin\repository\org\springframework\spring-oxm\4.0.2.RELEASE\spring-oxm-4.0.2.RELEASE.jar;D:\java\apache-maven-3.3.9-bin\repository\org\springframework\spring-beans\4.0.2.RELEASE\spring-beans-4.0.2.RELEASE.jar;D:\java\apache-maven-3.3.9-bin\repository\org\springframework\spring-tx\4.0.2.RELEASE\spring-tx-4.0.2.RELEASE.jar;D:\java\apache-maven-3.3.9-bin\repository\org\springframework\spring-jdbc\4.0.2.RELEASE\spring-jdbc-4.0.2.RELEASE.jar;D:\java\apache-maven-3.3.9-bin\repository\org\springframework\spring-aop\4.0.2.RELEASE\spring-aop-4.0.2.RELEASE.jar;D:\java\apache-maven-3.3.9-bin\repository\aopalliance\aopalliance\1.0\aopalliance-1.0.jar;D:\java\apache-maven-3.3.9-bin\repository\org\springframework\spring-context\4.0.2.RELEASE\spring-context-4.0.2.RELEASE.jar;D:\java\apache-maven-3.3.9-bin\repository\org\springframework\spring-context-support\4.0.2.RELEASE\spring-context-support-4.0.2.RELEASE.jar;D:\java\apache-maven-3.3.9-bin\repository\org\springframework\spring-expression\4.0.2.RELEASE\spring-expression-4.0.2.RELEASE.jar;D:\java\apache-maven-3.3.9-bin\repository\org\springframework\spring-orm\4.0.2.RELEASE\spring-orm-4.0.2.RELEASE.jar;D:\java\apache-maven-3.3.9-bin\repository\org\springframework\spring-web\4.0.2.RELEASE\spring-web-4.0.2.RELEASE.jar;D:\java\apache-maven-3.3.9-bin\repository\org\springframework\spring-webmvc\4.0.2.RELEASE\spring-webmvc-4.0.2.RELEASE.jar;D:\java\apache-maven-3.3.9-bin\repository\org\mybatis\mybatis\3.2.8\mybatis-3.2.8.jar;D:\java\apache-maven-3.3.9-bin\repository\org\mybatis\mybatis-spring\1.2.2\mybatis-spring-1.2.2.jar;D:\java\apache-maven-3.3.9-bin\repository\mysql\mysql-connector-java\5.1.35\mysql-connector-java-5.1.35.jar;D:\java\apache-maven-3.3.9-bin\repository\commons-dbcp\commons-dbcp\1.4\commons-dbcp-1.4.jar;D:\java\apache-maven-3.3.9-bin\repository\commons-pool\commons-pool\1.5.4\commons-pool-1.5.4.jar;D:\java\apache-maven-3.3.9-bin\repository\jstl\jstl\1.2\jstl-1.2.jar;D:\java\apache-maven-3.3.9-bin\repository\log4j\log4j\1.2.17\log4j-1.2.17.jar;D:\java\apache-maven-3.3.9-bin\repository\org\slf4j\slf4j-api\1.7.12\slf4j-api-1.7.12.jar;D:\java\apache-maven-3.3.9-bin\repository\org\slf4j\slf4j-log4j12\1.7.12\slf4j-log4j12-1.7.12.jar;D:\java\apache-maven-3.3.9-bin\repository\com\alibaba\fastjson\1.2.6\fastjson-1.2.6.jar;D:\java\apache-maven-3.3.9-bin\repository\org\codehaus\jackson\jackson-mapper-asl\1.9.13\jackson-mapper-asl-1.9.13.jar;D:\java\apache-maven-3.3.9-bin\repository\org\codehaus\jackson\jackson-core-asl\1.9.13\jackson-core-asl-1.9.13.jar;D:\java\apache-maven-3.3.9-bin\repository\commons-fileupload\commons-fileupload\1.3.1\commons-fileupload-1.3.1.jar;D:\java\apache-maven-3.3.9-bin\repository\commons-io\commons-io\2.4\commons-io-2.4.jar;D:\java\apache-maven-3.3.9-bin\repository\commons-codec\commons-codec\1.10\commons-codec-1.10.jar;"/>
    <property name="java.specification.name" value="Java Platform API Specification"/>
    <property name="java.class.version" value="51.0"/>
    <property name="sun.management.compiler" value="HotSpot 64-Bit Tiered Compilers"/>
    <property name="os.version" value="6.1"/>
    <property name="user.home" value="C:\Users\lenovo"/>
    <property name="user.timezone" value="Asia/Shanghai"/>
    <property name="java.awt.printerjob" value="sun.awt.windows.WPrinterJob"/>
    <property name="java.specification.version" value="1.7"/>
    <property name="file.encoding" value="UTF-8"/>
    <property name="user.name" value="lenovo"/>
    <property name="java.class.path" value="C:\Users\lenovo\git\test333\test333\target\test-classes;C:\Users\lenovo\git\test333\test333\target\classes;D:\java\apache-maven-3.3.9-bin\repository\junit\junit\4.11\junit-4.11.jar;D:\java\apache-maven-3.3.9-bin\repository\org\hamcrest\hamcrest-core\1.3\hamcrest-core-1.3.jar;D:\java\apache-maven-3.3.9-bin\repository\javax\javaee-api\7.0\javaee-api-7.0.jar;D:\java\apache-maven-3.3.9-bin\repository\com\sun\mail\javax.mail\1.5.0\javax.mail-1.5.0.jar;D:\java\apache-maven-3.3.9-bin\repository\javax\activation\activation\1.1\activation-1.1.jar;D:\java\apache-maven-3.3.9-bin\repository\org\springframework\spring-test\4.0.2.RELEASE\spring-test-4.0.2.RELEASE.jar;D:\java\apache-maven-3.3.9-bin\repository\org\springframework\spring-core\4.0.2.RELEASE\spring-core-4.0.2.RELEASE.jar;D:\java\apache-maven-3.3.9-bin\repository\commons-logging\commons-logging\1.1.3\commons-logging-1.1.3.jar;D:\java\apache-maven-3.3.9-bin\repository\org\springframework\spring-oxm\4.0.2.RELEASE\spring-oxm-4.0.2.RELEASE.jar;D:\java\apache-maven-3.3.9-bin\repository\org\springframework\spring-beans\4.0.2.RELEASE\spring-beans-4.0.2.RELEASE.jar;D:\java\apache-maven-3.3.9-bin\repository\org\springframework\spring-tx\4.0.2.RELEASE\spring-tx-4.0.2.RELEASE.jar;D:\java\apache-maven-3.3.9-bin\repository\org\springframework\spring-jdbc\4.0.2.RELEASE\spring-jdbc-4.0.2.RELEASE.jar;D:\java\apache-maven-3.3.9-bin\repository\org\springframework\spring-aop\4.0.2.RELEASE\spring-aop-4.0.2.RELEASE.jar;D:\java\apache-maven-3.3.9-bin\repository\aopalliance\aopalliance\1.0\aopalliance-1.0.jar;D:\java\apache-maven-3.3.9-bin\repository\org\springframework\spring-context\4.0.2.RELEASE\spring-context-4.0.2.RELEASE.jar;D:\java\apache-maven-3.3.9-bin\repository\org\springframework\spring-context-support\4.0.2.RELEASE\spring-context-support-4.0.2.RELEASE.jar;D:\java\apache-maven-3.3.9-bin\repository\org\springframework\spring-expression\4.0.2.RELEASE\spring-expression-4.0.2.RELEASE.jar;D:\java\apache-maven-3.3.9-bin\repository\org\springframework\spring-orm\4.0.2.RELEASE\spring-orm-4.0.2.RELEASE.jar;D:\java\apache-maven-3.3.9-bin\repository\org\springframework\spring-web\4.0.2.RELEASE\spring-web-4.0.2.RELEASE.jar;D:\java\apache-maven-3.3.9-bin\repository\org\springframework\spring-webmvc\4.0.2.RELEASE\spring-webmvc-4.0.2.RELEASE.jar;D:\java\apache-maven-3.3.9-bin\repository\org\mybatis\mybatis\3.2.8\mybatis-3.2.8.jar;D:\java\apache-maven-3.3.9-bin\repository\org\mybatis\mybatis-spring\1.2.2\mybatis-spring-1.2.2.jar;D:\java\apache-maven-3.3.9-bin\repository\mysql\mysql-connector-java\5.1.35\mysql-connector-java-5.1.35.jar;D:\java\apache-maven-3.3.9-bin\repository\commons-dbcp\commons-dbcp\1.4\commons-dbcp-1.4.jar;D:\java\apache-maven-3.3.9-bin\repository\commons-pool\commons-pool\1.5.4\commons-pool-1.5.4.jar;D:\java\apache-maven-3.3.9-bin\repository\jstl\jstl\1.2\jstl-1.2.jar;D:\java\apache-maven-3.3.9-bin\repository\log4j\log4j\1.2.17\log4j-1.2.17.jar;D:\java\apache-maven-3.3.9-bin\repository\org\slf4j\slf4j-api\1.7.12\slf4j-api-1.7.12.jar;D:\java\apache-maven-3.3.9-bin\repository\org\slf4j\slf4j-log4j12\1.7.12\slf4j-log4j12-1.7.12.jar;D:\java\apache-maven-3.3.9-bin\repository\com\alibaba\fastjson\1.2.6\fastjson-1.2.6.jar;D:\java\apache-maven-3.3.9-bin\repository\org\codehaus\jackson\jackson-mapper-asl\1.9.13\jackson-mapper-asl-1.9.13.jar;D:\java\apache-maven-3.3.9-bin\repository\org\codehaus\jackson\jackson-core-asl\1.9.13\jackson-core-asl-1.9.13.jar;D:\java\apache-maven-3.3.9-bin\repository\commons-fileupload\commons-fileupload\1.3.1\commons-fileupload-1.3.1.jar;D:\java\apache-maven-3.3.9-bin\repository\commons-io\commons-io\2.4\commons-io-2.4.jar;D:\java\apache-maven-3.3.9-bin\repository\commons-codec\commons-codec\1.10\commons-codec-1.10.jar;"/>
    <property name="java.vm.specification.version" value="1.7"/>
    <property name="sun.arch.data.model" value="64"/>
    <property name="java.home" value="C:\Program Files\Java\jdk1.7.0_67\jre"/>
    <property name="sun.java.command" value="C:\Users\lenovo\git\test333\test333\target\surefire\surefirebooter4487505539536003007.jar C:\Users\lenovo\git\test333\test333\target\surefire\surefire4555057175882681076tmp C:\Users\lenovo\git\test333\test333\target\surefire\surefire5930036114859025480tmp"/>
    <property name="java.specification.vendor" value="Oracle Corporation"/>
    <property name="user.language" value="zh"/>
    <property name="awt.toolkit" value="sun.awt.windows.WToolkit"/>
    <property name="java.vm.info" value="mixed mode"/>
    <property name="java.version" value="1.7.0_67"/>
    <property name="java.ext.dirs" value="C:\Program Files\Java\jdk1.7.0_67\jre\lib\ext;C:\Windows\Sun\Java\lib\ext"/>
    <property name="sun.boot.class.path" value="C:\Program Files\Java\jdk1.7.0_67\jre\lib\resources.jar;C:\Program Files\Java\jdk1.7.0_67\jre\lib\rt.jar;C:\Program Files\Java\jdk1.7.0_67\jre\lib\sunrsasign.jar;C:\Program Files\Java\jdk1.7.0_67\jre\lib\jsse.jar;C:\Program Files\Java\jdk1.7.0_67\jre\lib\jce.jar;C:\Program Files\Java\jdk1.7.0_67\jre\lib\charsets.jar;C:\Program Files\Java\jdk1.7.0_67\jre\lib\jfr.jar;C:\Program Files\Java\jdk1.7.0_67\jre\classes"/>
    <property name="java.vendor" value="Oracle Corporation"/>
    <property name="localRepository" value="D:\java\apache-maven-3.3.9-bin\repository"/>
    <property name="file.separator" value="\"/>
    <property name="java.vendor.url.bug" value="http://bugreport.sun.com/bugreport/"/>
    <property name="sun.cpu.endian" value="little"/>
    <property name="sun.io.unicode.encoding" value="UnicodeLittle"/>
    <property name="sun.desktop" value="windows"/>
    <property name="sun.cpu.isalist" value="amd64"/>
  </properties>
  <testcase time="2.36" classname="org.luojj.test.TestMybatis" name="test1"/>
</testsuite>